<?xml version="1.0" encoding="UTF-8"?>
<testng-results ignored="0" total="2" passed="2" failed="0" skipped="0">
  <reporter-output>
  </reporter-output>
  <suite started-at="2025-04-05T13:03:42 MSK" name="Surefire suite" finished-at="2025-04-05T13:03:54 MSK" duration-ms="12486">
    <groups>
    </groups>
    <test started-at="2025-04-05T13:03:42 MSK" name="Surefire test" finished-at="2025-04-05T13:03:54 MSK" duration-ms="12486">
      <class name="tests.LoginTest">
        <test-method is-config="true" signature="methodSetup()[pri:0, instance:tests.LoginTest@5972d253]" started-at="2025-04-05T13:03:42 MSK" name="methodSetup" finished-at="2025-04-05T13:03:47 MSK" duration-ms="5328" status="PASS">
          <reporter-output>
          </reporter-output>
        </test-method> <!-- methodSetup -->
        <test-method signature="testAutorization()[pri:0, instance:tests.LoginTest@5972d253]" started-at="2025-04-05T13:03:47 MSK" name="testAutorization" description="Attempt to login with correct credentials: success message should appear" finished-at="2025-04-05T13:03:49 MSK" duration-ms="1366" status="PASS">
          <reporter-output>
          </reporter-output>
        </test-method> <!-- testAutorization -->
        <test-method is-config="true" signature="methodTeardown()[pri:0, instance:tests.LoginTest@5972d253]" started-at="2025-04-05T13:03:49 MSK" name="methodTeardown" finished-at="2025-04-05T13:03:49 MSK" duration-ms="208" status="PASS">
          <reporter-output>
          </reporter-output>
        </test-method> <!-- methodTeardown -->
        <test-method is-config="true" signature="methodSetup()[pri:0, instance:tests.LoginTest@5972d253]" started-at="2025-04-05T13:03:49 MSK" name="methodSetup" finished-at="2025-04-05T13:03:52 MSK" duration-ms="3059" status="PASS">
          <reporter-output>
          </reporter-output>
        </test-method> <!-- methodSetup -->
        <test-method signature="testLogOut()[pri:0, instance:tests.LoginTest@5972d253]" started-at="2025-04-05T13:03:52 MSK" name="testLogOut" finished-at="2025-04-05T13:03:54 MSK" duration-ms="2087" status="PASS">
          <reporter-output>
          </reporter-output>
        </test-method> <!-- testLogOut -->
        <test-method is-config="true" signature="methodTeardown()[pri:0, instance:tests.LoginTest@5972d253]" started-at="2025-04-05T13:03:54 MSK" name="methodTeardown" finished-at="2025-04-05T13:03:54 MSK" duration-ms="205" status="PASS">
          <reporter-output>
          </reporter-output>
        </test-method> <!-- methodTeardown -->
      </class> <!-- tests.LoginTest -->
    </test> <!-- Surefire test -->
  </suite> <!-- Surefire suite -->
</testng-results>
